<?xml version="1.0" encoding="UTF-8"?>
<!-- Generated by org.testng.reporters.JUnitReportReporter -->
<testsuite hostname="LAPTOP-M5JHVHLN" failures="0" tests="1" name="com.studennrol.testscripts.LogoutPageTest" time="3.331" errors="0" timestamp="2022-03-18T10:50:24 IST" skipped="0">
  <testcase classname="com.studennrol.testscripts.LogoutPageTest" name="verifyBtnVisibility" time="3.331"/>
  <system-out/>
</testsuite> <!-- com.studennrol.testscripts.LogoutPageTest -->
