<?xml version="1.0" encoding="UTF-8"?>
<!-- Generated by org.testng.reporters.JUnitReportReporter -->
<testsuite hostname="LAPTOP-M5JHVHLN" failures="0" tests="1" name="com.studennrol.testscripts.LoginPageTest" time="9.742" errors="0" timestamp="2022-03-16T16:48:38 IST" skipped="0">
  <testcase classname="com.studennrol.testscripts.LoginPageTest" name="verifyValidLogin" time="9.742"/>
  <system-out/>
</testsuite> <!-- com.studennrol.testscripts.LoginPageTest -->
