<?xml version="1.0" encoding="UTF-8"?>
<!-- Generated by org.testng.reporters.JUnitReportReporter -->
<testsuite hostname="LAPTOP-M5JHVHLN" failures="0" tests="3" name="com.studennrol.testscripts.EmployeesPageTest" time="18.929" errors="0" timestamp="2022-03-16T16:48:38 IST" skipped="0">
  <testcase classname="com.studennrol.testscripts.EmployeesPageTest" name="verifyEmployeesPage" time="6.256"/>
  <system-out/>
  <testcase classname="com.studennrol.testscripts.EmployeesPageTest" name="deleteBtnVerify" time="6.482"/>
  <system-out/>
  <testcase classname="com.studennrol.testscripts.EmployeesPageTest" name="editBtnVerify" time="6.191"/>
  <system-out/>
</testsuite> <!-- com.studennrol.testscripts.EmployeesPageTest -->
