<?xml version="1.0" encoding="UTF-8"?>
<!-- Generated by org.testng.reporters.JUnitReportReporter -->
<testsuite hostname="LAPTOP-M5JHVHLN" failures="0" tests="3" name="com.studennrol.testscripts.ApprovalPageTest" time="17.546" errors="0" timestamp="2022-03-16T16:48:38 IST" skipped="0">
  <testcase classname="com.studennrol.testscripts.ApprovalPageTest" name="verifyPageUrl" time="5.240"/>
  <system-out/>
  <testcase classname="com.studennrol.testscripts.ApprovalPageTest" name="approveBtnverify" time="6.132"/>
  <system-out/>
  <testcase classname="com.studennrol.testscripts.ApprovalPageTest" name="deleteBtnVerify" time="6.174"/>
  <system-out/>
</testsuite> <!-- com.studennrol.testscripts.ApprovalPageTest -->
