<?xml version="1.0" encoding="UTF-8"?>
<!-- Generated by org.testng.reporters.JUnitReportReporter -->
<testsuite hostname="LAPTOP-M5JHVHLN" failures="0" tests="2" name="com.studennrol.testscripts.EmployeeUpdatePageTest" time="16.352" errors="0" timestamp="2022-03-16T16:48:38 IST" skipped="0">
  <testcase classname="com.studennrol.testscripts.EmployeeUpdatePageTest" name="verrifyPageUrl" time="3.047"/>
  <system-out/>
  <testcase classname="com.studennrol.testscripts.EmployeeUpdatePageTest" name="updateBtnVerifyRollnull" time="13.305"/>
  <system-out/>
</testsuite> <!-- com.studennrol.testscripts.EmployeeUpdatePageTest -->
